c:\users\mthob\source\repos\graduate_program\graduate_program\x64\debug\graduate_program.obj
c:\users\mthob\source\repos\graduate_program\graduate_program\x64\debug\companyreg.obj
c:\users\mthob\source\repos\graduate_program\graduate_program\x64\debug\graduatereg.obj
c:\users\mthob\source\repos\graduate_program\graduate_program\x64\debug\qdb.obj
c:\users\mthob\source\repos\graduate_program\graduate_program\x64\debug\main.obj
c:\users\mthob\source\repos\graduate_program\graduate_program\x64\debug\vc142.pdb
c:\users\mthob\source\repos\graduate_program\graduate_program\x64\debug\qrc_graduate_program.obj
c:\users\mthob\source\repos\graduate_program\graduate_program\x64\debug\moc_graduate_program.obj
c:\users\mthob\source\repos\graduate_program\graduate_program\x64\debug\uic\ui_graduate_program.h
c:\users\mthob\source\repos\graduate_program\graduate_program\x64\debug\rcc\qrc_graduate_program.cpp
c:\users\mthob\source\repos\graduate_program\graduate_program\x64\debug\moc\moc_graduate_program.cpp
c:\users\mthob\source\repos\graduate_program\x64\debug\graduate_program.exe
c:\users\mthob\source\repos\graduate_program\x64\debug\graduate_program.ilk
c:\users\mthob\source\repos\graduate_program\x64\debug\graduate_program.pdb
c:\users\mthob\source\repos\graduate_program\graduate_program\x64\debug\graduate_program.tlog\cl.command.1.tlog
c:\users\mthob\source\repos\graduate_program\graduate_program\x64\debug\graduate_program.tlog\cl.read.1.tlog
c:\users\mthob\source\repos\graduate_program\graduate_program\x64\debug\graduate_program.tlog\cl.write.1.tlog
c:\users\mthob\source\repos\graduate_program\graduate_program\x64\debug\graduate_program.tlog\graduate_program.write.1u.tlog
c:\users\mthob\source\repos\graduate_program\graduate_program\x64\debug\graduate_program.tlog\link.command.1.tlog
c:\users\mthob\source\repos\graduate_program\graduate_program\x64\debug\graduate_program.tlog\link.read.1.tlog
c:\users\mthob\source\repos\graduate_program\graduate_program\x64\debug\graduate_program.tlog\link.write.1.tlog
c:\users\mthob\source\repos\graduate_program\graduate_program\x64\debug\graduate_program.tlog\moc.read.1u.tlog
c:\users\mthob\source\repos\graduate_program\graduate_program\x64\debug\graduate_program.tlog\moc.write.1u.tlog
c:\users\mthob\source\repos\graduate_program\graduate_program\x64\debug\graduate_program.tlog\rcc.read.1u.tlog
c:\users\mthob\source\repos\graduate_program\graduate_program\x64\debug\graduate_program.tlog\rcc.write.1u.tlog
c:\users\mthob\source\repos\graduate_program\graduate_program\x64\debug\graduate_program.tlog\uic.read.1u.tlog
c:\users\mthob\source\repos\graduate_program\graduate_program\x64\debug\graduate_program.tlog\uic.write.1u.tlog
